# JRE version: OpenJDK Runtime Environment Temurin-21.0.11+10 (21.0.11+10) (build 21.0.11+10-LTS)
# Java VM: OpenJDK 64-Bit Server VM Temurin-21.0.11+10 (21.0.11+10-LTS, mixed mode, sharing, tiered, compressed oops, compressed class ptrs, g1 gc, windows-amd64)
GC Precious Log:
 CardTable entry size: 512
 Card Set container configuration: InlinePtr #cards 4 size 8 Array Of Cards #cards 32 size 80 Howl #buckets 8 coarsen threshold 7372 Howl Bitmap #cards 1024 size 144 coarsen threshold 921 Card regions per heap region 1 cards per card region 8192
 CPUs: 16 total, 16 available
 Memory: 7896M
 Large Page Support: Disabled
 NUMA Support: Disabled
 Compressed Oops: Enabled (Zero based)
 Heap Region Size: 4M
 Heap Min Capacity: 8M
 Heap Initial Capacity: 124M
 Heap Max Capacity: 8G
 Pre-touch: Disabled
 Parallel Workers: 13
 Concurrent Workers: 3
 Concurrent Refinement Workers: 13
 Periodic GC: Disabled
Heap:
 garbage-first heap   total 122880K, used 82180K [0x0000000600000000, 0x0000000800000000)
  region size 4096K, 7 young (28672K), 2 survivors (8192K)
 Metaspace       used 70682K, committed 72768K, reserved 1114112K
  class space    used 10223K, committed 11264K, reserved 1048576K
GC Heap History (20 events):
Event: 6.169 GC heap before
{Heap before GC invocations=8 (full 0):
 garbage-first heap   total 131072K, used 32697K [0x0000000600000000, 0x0000000800000000)
  region size 4096K, 5 young (20480K), 3 survivors (12288K)
 Metaspace       used 35162K, committed 36288K, reserved 1114112K
  class space    used 5076K, committed 5632K, reserved 1048576K
}
Event: 6.174 GC heap after
{Heap after GC invocations=9 (full 0):
 garbage-first heap   total 131072K, used 33752K [0x0000000600000000, 0x0000000800000000)
  region size 4096K, 2 young (8192K), 2 survivors (8192K)
 Metaspace       used 35162K, committed 36288K, reserved 1114112K
  class space    used 5076K, committed 5632K, reserved 1048576K
}
Event: 7.108 GC heap before
{Heap before GC invocations=10 (full 0):
 garbage-first heap   total 122880K, used 99288K [0x0000000600000000, 0x0000000800000000)
  region size 4096K, 18 young (73728K), 2 survivors (8192K)
 Metaspace       used 43065K, committed 44672K, reserved 1114112K
  class space    used 6317K, committed 7104K, reserved 1048576K
}
Event: 7.114 GC heap after
{Heap after GC invocations=11 (full 0):
 garbage-first heap   total 122880K, used 36060K [0x0000000600000000, 0x0000000800000000)
  region size 4096K, 2 young (8192K), 2 survivors (8192K)
 Metaspace       used 43065K, committed 44672K, reserved 1114112K
  class space    used 6317K, committed 7104K, reserved 1048576K
}
Event: 9.043 GC heap before
{Heap before GC invocations=11 (full 0):
 garbage-first heap   total 122880K, used 97500K [0x0000000600000000, 0x0000000800000000)
  region size 4096K, 18 young (73728K), 2 survivors (8192K)
 Metaspace       used 47942K, committed 49664K, reserved 1114112K
  class space    used 6949K, committed 7808K, reserved 1048576K
}
Event: 9.052 GC heap after
{Heap after GC invocations=12 (full 0):
 garbage-first heap   total 122880K, used 39004K [0x0000000600000000, 0x0000000800000000)
  region size 4096K, 2 young (8192K), 2 survivors (8192K)
 Metaspace       used 47942K, committed 49664K, reserved 1114112K
  class space    used 6949K, committed 7808K, reserved 1048576K
}
Event: 2711.078 GC heap before
{Heap before GC invocations=12 (full 0):
 garbage-first heap   total 122880K, used 104540K [0x0000000600000000, 0x0000000800000000)
  region size 4096K, 18 young (73728K), 2 survivors (8192K)
 Metaspace       used 48970K, committed 50688K, reserved 1114112K
  class space    used 7043K, committed 7872K, reserved 1048576K
}
Event: 2711.548 GC heap after
{Heap after GC invocations=13 (full 0):
 garbage-first heap   total 122880K, used 39420K [0x0000000600000000, 0x0000000800000000)
  region size 4096K, 1 young (4096K), 1 survivors (4096K)
 Metaspace       used 48970K, committed 50688K, reserved 1114112K
  class space    used 7043K, committed 7872K, reserved 1048576K
}
Event: 2717.931 GC heap before
{Heap before GC invocations=13 (full 0):
 garbage-first heap   total 122880K, used 92668K [0x0000000600000000, 0x0000000800000000)
  region size 4096K, 15 young (61440K), 1 survivors (4096K)
 Metaspace       used 52531K, committed 54464K, reserved 1114112K
  class space    used 7658K, committed 8640K, reserved 1048576K
}
Event: 2717.943 GC heap after
{Heap after GC invocations=14 (full 0):
 garbage-first heap   total 122880K, used 41913K [0x0000000600000000, 0x0000000800000000)
  region size 4096K, 2 young (8192K), 2 survivors (8192K)
 Metaspace       used 52531K, committed 54464K, reserved 1114112K
  class space    used 7658K, committed 8640K, reserved 1048576K
}
Event: 2724.089 GC heap before
{Heap before GC invocations=14 (full 0):
 garbage-first heap   total 122880K, used 103353K [0x0000000600000000, 0x0000000800000000)
  region size 4096K, 18 young (73728K), 2 survivors (8192K)
 Metaspace       used 57100K, committed 59136K, reserved 1114112K
  class space    used 8336K, committed 9344K, reserved 1048576K
}
Event: 2724.120 GC heap after
{Heap after GC invocations=15 (full 0):
 garbage-first heap   total 122880K, used 47561K [0x0000000600000000, 0x0000000800000000)
  region size 4096K, 3 young (12288K), 3 survivors (12288K)
 Metaspace       used 57100K, committed 59136K, reserved 1114112K
  class space    used 8336K, committed 9344K, reserved 1048576K
}
Event: 2727.905 GC heap before
{Heap before GC invocations=15 (full 0):
 garbage-first heap   total 122880K, used 72137K [0x0000000600000000, 0x0000000800000000)
  region size 4096K, 10 young (40960K), 3 survivors (12288K)
 Metaspace       used 59348K, committed 61376K, reserved 1114112K
  class space    used 8651K, committed 9664K, reserved 1048576K
}
Event: 2727.940 GC heap after
{Heap after GC invocations=16 (full 0):
 garbage-first heap   total 122880K, used 56478K [0x0000000600000000, 0x0000000800000000)
  region size 4096K, 2 young (8192K), 2 survivors (8192K)
 Metaspace       used 59348K, committed 61376K, reserved 1114112K
  class space    used 8651K, committed 9664K, reserved 1048576K
}
Event: 2731.838 GC heap before
{Heap before GC invocations=17 (full 0):
 garbage-first heap   total 122880K, used 105630K [0x0000000600000000, 0x0000000800000000)
  region size 4096K, 14 young (57344K), 2 survivors (8192K)
 Metaspace       used 64412K, committed 66560K, reserved 1114112K
  class space    used 9337K, committed 10432K, reserved 1048576K
}
Event: 2731.847 GC heap after
{Heap after GC invocations=18 (full 0):
 garbage-first heap   total 122880K, used 58074K [0x0000000600000000, 0x0000000800000000)
  region size 4096K, 1 young (4096K), 1 survivors (4096K)
 Metaspace       used 64412K, committed 66560K, reserved 1114112K
  class space    used 9337K, committed 10432K, reserved 1048576K
}
Event: 2733.997 GC heap before
{Heap before GC invocations=18 (full 0):
 garbage-first heap   total 122880K, used 86746K [0x0000000600000000, 0x0000000800000000)
  region size 4096K, 9 young (36864K), 1 survivors (4096K)
 Metaspace       used 66466K, committed 68544K, reserved 1114112K
  class space    used 9606K, committed 10688K, reserved 1048576K
}
Event: 2734.005 GC heap after
{Heap after GC invocations=19 (full 0):
 garbage-first heap   total 122880K, used 59185K [0x0000000600000000, 0x0000000800000000)
  region size 4096K, 1 young (4096K), 1 survivors (4096K)
 Metaspace       used 66466K, committed 68544K, reserved 1114112K
  class space    used 9606K, committed 10688K, reserved 1048576K
}
Event: 2740.523 GC heap before
{Heap before GC invocations=20 (full 0):
 garbage-first heap   total 122880K, used 112433K [0x0000000600000000, 0x0000000800000000)
  region size 4096K, 13 young (53248K), 1 survivors (4096K)
 Metaspace       used 69525K, committed 71680K, reserved 1114112K
  class space    used 10061K, committed 11136K, reserved 1048576K
}
Event: 2740.530 GC heap after
{Heap after GC invocations=21 (full 0):
 garbage-first heap   total 122880K, used 65796K [0x0000000600000000, 0x0000000800000000)
  region size 4096K, 2 young (8192K), 2 survivors (8192K)
 Metaspace       used 69525K, committed 71680K, reserved 1114112K
  class space    used 10061K, committed 11136K, reserved 1048576K
}

